<?xml version="1.0" encoding="UTF-8"?>
<robot generator="Robot 6.0.2 (Python 3.11.1 on win32)" generated="20230125 16:18:51.935" rpa="false" schemaversion="3">
<suite id="s1" name="Add Employee Test" source="C:\Users\40032117\orange_automation\2__empolyee_suite\01__add_employee_test.robot">
<test id="s1-t1" name="Add Valid Employee Test_TC1" line="13">
<kw name="Launch Browser And Navigate TO Url" library="common_functionalities" type="SETUP">
<kw name="Open Browser" library="SeleniumLibrary">
<arg>browser=${BROWSER_NAME}</arg>
<doc>Opens a new browser instance to the optional ``url``.</doc>
<msg timestamp="20230125 16:18:53.553" level="INFO">Opening browser 'chrome' to base url 'None'.</msg>
<status status="PASS" starttime="20230125 16:18:53.553" endtime="20230125 16:18:56.583"/>
</kw>
<kw name="Maximize Browser Window" library="SeleniumLibrary">
<doc>Maximizes current browser window.</doc>
<status status="PASS" starttime="20230125 16:18:56.584" endtime="20230125 16:18:56.732"/>
</kw>
<kw name="Set Selenium Implicit Wait" library="SeleniumLibrary">
<arg>20s</arg>
<doc>Sets the implicit wait value used by Selenium.</doc>
<status status="PASS" starttime="20230125 16:18:56.734" endtime="20230125 16:18:56.738"/>
</kw>
<kw name="Go To" library="SeleniumLibrary">
<arg>url=${URl}</arg>
<doc>Navigates the current browser window to the provided ``url``.</doc>
<msg timestamp="20230125 16:18:56.740" level="INFO">Opening url 'https://opensource-demo.orangehrmlive.com/'</msg>
<status status="PASS" starttime="20230125 16:18:56.738" endtime="20230125 16:19:12.053"/>
</kw>
<status status="PASS" starttime="20230125 16:18:53.553" endtime="20230125 16:19:12.053"/>
</kw>
<kw name="Add Valid Employee Template">
<arg>Admin</arg>
<arg>admin123</arg>
<arg>John</arg>
<arg>j</arg>
<arg>ken</arg>
<arg>John ken</arg>
<arg>John</arg>
<kw name="Input Text" library="SeleniumLibrary">
<arg>name=username</arg>
<arg>${username}</arg>
<doc>Types the given ``text`` into the text field identified by ``locator``.</doc>
<msg timestamp="20230125 16:19:12.053" level="INFO">Typing text 'Admin' into text field 'name=username'.</msg>
<status status="PASS" starttime="20230125 16:19:12.053" endtime="20230125 16:19:13.272"/>
</kw>
<kw name="Input Text" library="SeleniumLibrary">
<arg>name=password</arg>
<arg>${password}</arg>
<doc>Types the given ``text`` into the text field identified by ``locator``.</doc>
<msg timestamp="20230125 16:19:13.272" level="INFO">Typing text 'admin123' into text field 'name=password'.</msg>
<status status="PASS" starttime="20230125 16:19:13.272" endtime="20230125 16:19:13.394"/>
</kw>
<kw name="Click Element" library="SeleniumLibrary">
<arg>xpath=//button[normalize-space()='Login']</arg>
<doc>Click the element identified by ``locator``.</doc>
<msg timestamp="20230125 16:19:13.394" level="INFO">Clicking element 'xpath=//button[normalize-space()='Login']'.</msg>
<status status="PASS" starttime="20230125 16:19:13.394" endtime="20230125 16:19:15.053"/>
</kw>
<kw name="Click Element" library="SeleniumLibrary">
<arg>xpath=//span[contains(normalize-space(),'PIM')]</arg>
<doc>Click the element identified by ``locator``.</doc>
<msg timestamp="20230125 16:19:15.053" level="INFO">Clicking element 'xpath=//span[contains(normalize-space(),'PIM')]'.</msg>
<status status="PASS" starttime="20230125 16:19:15.053" endtime="20230125 16:19:17.217"/>
</kw>
<kw name="Click Element" library="SeleniumLibrary">
<arg>xpath=//a[contains(normalize-space(),'Add Employee')]</arg>
<doc>Click the element identified by ``locator``.</doc>
<msg timestamp="20230125 16:19:17.217" level="INFO">Clicking element 'xpath=//a[contains(normalize-space(),'Add Employee')]'.</msg>
<status status="PASS" starttime="20230125 16:19:17.217" endtime="20230125 16:19:19.343"/>
</kw>
<kw name="Input Text" library="SeleniumLibrary">
<arg>name=firstName</arg>
<arg>${firstName}</arg>
<doc>Types the given ``text`` into the text field identified by ``locator``.</doc>
<msg timestamp="20230125 16:19:19.343" level="INFO">Typing text 'John' into text field 'name=firstName'.</msg>
<status status="PASS" starttime="20230125 16:19:19.343" endtime="20230125 16:19:20.180"/>
</kw>
<kw name="Input Text" library="SeleniumLibrary">
<arg>name=middleName</arg>
<arg>${middleName}</arg>
<doc>Types the given ``text`` into the text field identified by ``locator``.</doc>
<msg timestamp="20230125 16:19:20.180" level="INFO">Typing text 'j' into text field 'name=middleName'.</msg>
<status status="PASS" starttime="20230125 16:19:20.180" endtime="20230125 16:19:20.302"/>
</kw>
<kw name="Input Text" library="SeleniumLibrary">
<arg>name=lastName</arg>
<arg>${lastName}</arg>
<doc>Types the given ``text`` into the text field identified by ``locator``.</doc>
<msg timestamp="20230125 16:19:20.305" level="INFO">Typing text 'ken' into text field 'name=lastName'.</msg>
<status status="PASS" starttime="20230125 16:19:20.303" endtime="20230125 16:19:20.438"/>
</kw>
<kw name="Sleep" library="BuiltIn">
<arg>5s</arg>
<doc>Pauses the test executed for the given time.</doc>
<msg timestamp="20230125 16:19:25.438" level="INFO">Slept 5 seconds</msg>
<status status="PASS" starttime="20230125 16:19:20.438" endtime="20230125 16:19:25.438"/>
</kw>
<kw name="Click Element" library="SeleniumLibrary">
<arg>xpath=//button[normalize-space()='Save']</arg>
<doc>Click the element identified by ``locator``.</doc>
<msg timestamp="20230125 16:19:25.441" level="INFO">Clicking element 'xpath=//button[normalize-space()='Save']'.</msg>
<status status="PASS" starttime="20230125 16:19:25.438" endtime="20230125 16:19:25.521"/>
</kw>
<kw name="Wait Until Page Contains" library="SeleniumLibrary">
<arg>${expected_value1}</arg>
<doc>Waits until ``text`` appears on the current page.</doc>
<status status="PASS" starttime="20230125 16:19:25.521" endtime="20230125 16:19:31.492"/>
</kw>
<kw name="Element Text Should Be" library="SeleniumLibrary">
<arg>xpath=//h6[@class='oxd-text oxd-text--h6 --strong']</arg>
<arg>${expected_value1}</arg>
<doc>Verifies that element ``locator`` contains exact the text ``expected``.</doc>
<msg timestamp="20230125 16:19:31.492" level="INFO">Verifying element 'xpath=//h6[@class='oxd-text oxd-text--h6 --strong']' contains exact text 'John ken'.</msg>
<status status="PASS" starttime="20230125 16:19:31.492" endtime="20230125 16:19:31.527"/>
</kw>
<kw name="Element Attribute Value Should Be" library="SeleniumLibrary">
<arg>name=firstName</arg>
<arg>value</arg>
<arg>${expected_value2}</arg>
<doc>Verifies element identified by ``locator`` contains expected attribute value.</doc>
<msg timestamp="20230125 16:19:31.578" level="INFO">Element 'name=firstName' attribute 'value' contains value 'John'.</msg>
<status status="PASS" starttime="20230125 16:19:31.527" endtime="20230125 16:19:31.578"/>
</kw>
<status status="PASS" starttime="20230125 16:19:12.053" endtime="20230125 16:19:31.578"/>
</kw>
<kw name="Close Browser" library="SeleniumLibrary" type="TEARDOWN">
<doc>Closes the current browser.</doc>
<status status="PASS" starttime="20230125 16:19:31.584" endtime="20230125 16:19:33.866"/>
</kw>
<status status="PASS" starttime="20230125 16:18:53.553" endtime="20230125 16:19:33.866"/>
</test>
<test id="s1-t2" name="Add Valid Employee Test_TC2" line="13">
<kw name="Launch Browser And Navigate TO Url" library="common_functionalities" type="SETUP">
<kw name="Open Browser" library="SeleniumLibrary">
<arg>browser=${BROWSER_NAME}</arg>
<doc>Opens a new browser instance to the optional ``url``.</doc>
<msg timestamp="20230125 16:19:33.866" level="INFO">Opening browser 'chrome' to base url 'None'.</msg>
<status status="PASS" starttime="20230125 16:19:33.866" endtime="20230125 16:19:36.796"/>
</kw>
<kw name="Maximize Browser Window" library="SeleniumLibrary">
<doc>Maximizes current browser window.</doc>
<status status="PASS" starttime="20230125 16:19:36.798" endtime="20230125 16:19:36.942"/>
</kw>
<kw name="Set Selenium Implicit Wait" library="SeleniumLibrary">
<arg>20s</arg>
<doc>Sets the implicit wait value used by Selenium.</doc>
<status status="PASS" starttime="20230125 16:19:36.943" endtime="20230125 16:19:36.953"/>
</kw>
<kw name="Go To" library="SeleniumLibrary">
<arg>url=${URl}</arg>
<doc>Navigates the current browser window to the provided ``url``.</doc>
<msg timestamp="20230125 16:19:36.956" level="INFO">Opening url 'https://opensource-demo.orangehrmlive.com/'</msg>
<status status="PASS" starttime="20230125 16:19:36.954" endtime="20230125 16:19:53.068"/>
</kw>
<status status="PASS" starttime="20230125 16:19:33.866" endtime="20230125 16:19:53.069"/>
</kw>
<kw name="Add Valid Employee Template">
<arg>Admin</arg>
<arg>admin123</arg>
<arg>Paul</arg>
<arg>j</arg>
<arg>vincent</arg>
<arg>Paul vincent</arg>
<arg>Paul</arg>
<kw name="Input Text" library="SeleniumLibrary">
<arg>name=username</arg>
<arg>${username}</arg>
<doc>Types the given ``text`` into the text field identified by ``locator``.</doc>
<msg timestamp="20230125 16:19:53.069" level="INFO">Typing text 'Admin' into text field 'name=username'.</msg>
<status status="PASS" starttime="20230125 16:19:53.069" endtime="20230125 16:19:54.410"/>
</kw>
<kw name="Input Text" library="SeleniumLibrary">
<arg>name=password</arg>
<arg>${password}</arg>
<doc>Types the given ``text`` into the text field identified by ``locator``.</doc>
<msg timestamp="20230125 16:19:54.410" level="INFO">Typing text 'admin123' into text field 'name=password'.</msg>
<status status="PASS" starttime="20230125 16:19:54.410" endtime="20230125 16:19:54.528"/>
</kw>
<kw name="Click Element" library="SeleniumLibrary">
<arg>xpath=//button[normalize-space()='Login']</arg>
<doc>Click the element identified by ``locator``.</doc>
<msg timestamp="20230125 16:19:54.531" level="INFO">Clicking element 'xpath=//button[normalize-space()='Login']'.</msg>
<status status="PASS" starttime="20230125 16:19:54.528" endtime="20230125 16:19:54.605"/>
</kw>
<kw name="Click Element" library="SeleniumLibrary">
<arg>xpath=//span[contains(normalize-space(),'PIM')]</arg>
<doc>Click the element identified by ``locator``.</doc>
<msg timestamp="20230125 16:19:54.605" level="INFO">Clicking element 'xpath=//span[contains(normalize-space(),'PIM')]'.</msg>
<status status="PASS" starttime="20230125 16:19:54.605" endtime="20230125 16:19:59.895"/>
</kw>
<kw name="Click Element" library="SeleniumLibrary">
<arg>xpath=//a[contains(normalize-space(),'Add Employee')]</arg>
<doc>Click the element identified by ``locator``.</doc>
<msg timestamp="20230125 16:19:59.895" level="INFO">Clicking element 'xpath=//a[contains(normalize-space(),'Add Employee')]'.</msg>
<status status="PASS" starttime="20230125 16:19:59.895" endtime="20230125 16:20:01.229"/>
</kw>
<kw name="Input Text" library="SeleniumLibrary">
<arg>name=firstName</arg>
<arg>${firstName}</arg>
<doc>Types the given ``text`` into the text field identified by ``locator``.</doc>
<msg timestamp="20230125 16:20:01.230" level="INFO">Typing text 'Paul' into text field 'name=firstName'.</msg>
<status status="PASS" starttime="20230125 16:20:01.230" endtime="20230125 16:20:02.324"/>
</kw>
<kw name="Input Text" library="SeleniumLibrary">
<arg>name=middleName</arg>
<arg>${middleName}</arg>
<doc>Types the given ``text`` into the text field identified by ``locator``.</doc>
<msg timestamp="20230125 16:20:02.326" level="INFO">Typing text 'j' into text field 'name=middleName'.</msg>
<status status="PASS" starttime="20230125 16:20:02.325" endtime="20230125 16:20:02.463"/>
</kw>
<kw name="Input Text" library="SeleniumLibrary">
<arg>name=lastName</arg>
<arg>${lastName}</arg>
<doc>Types the given ``text`` into the text field identified by ``locator``.</doc>
<msg timestamp="20230125 16:20:02.463" level="INFO">Typing text 'vincent' into text field 'name=lastName'.</msg>
<status status="PASS" starttime="20230125 16:20:02.463" endtime="20230125 16:20:02.638"/>
</kw>
<kw name="Sleep" library="BuiltIn">
<arg>5s</arg>
<doc>Pauses the test executed for the given time.</doc>
<msg timestamp="20230125 16:20:07.642" level="INFO">Slept 5 seconds</msg>
<status status="PASS" starttime="20230125 16:20:02.638" endtime="20230125 16:20:07.643"/>
</kw>
<kw name="Click Element" library="SeleniumLibrary">
<arg>xpath=//button[normalize-space()='Save']</arg>
<doc>Click the element identified by ``locator``.</doc>
<msg timestamp="20230125 16:20:07.643" level="INFO">Clicking element 'xpath=//button[normalize-space()='Save']'.</msg>
<status status="PASS" starttime="20230125 16:20:07.643" endtime="20230125 16:20:07.727"/>
</kw>
<kw name="Wait Until Page Contains" library="SeleniumLibrary">
<arg>${expected_value1}</arg>
<doc>Waits until ``text`` appears on the current page.</doc>
<status status="PASS" starttime="20230125 16:20:07.727" endtime="20230125 16:20:14.219"/>
</kw>
<kw name="Element Text Should Be" library="SeleniumLibrary">
<arg>xpath=//h6[@class='oxd-text oxd-text--h6 --strong']</arg>
<arg>${expected_value1}</arg>
<doc>Verifies that element ``locator`` contains exact the text ``expected``.</doc>
<msg timestamp="20230125 16:20:14.219" level="INFO">Verifying element 'xpath=//h6[@class='oxd-text oxd-text--h6 --strong']' contains exact text 'Paul vincent'.</msg>
<status status="PASS" starttime="20230125 16:20:14.219" endtime="20230125 16:20:14.259"/>
</kw>
<kw name="Element Attribute Value Should Be" library="SeleniumLibrary">
<arg>name=firstName</arg>
<arg>value</arg>
<arg>${expected_value2}</arg>
<doc>Verifies element identified by ``locator`` contains expected attribute value.</doc>
<msg timestamp="20230125 16:20:14.293" level="INFO">Element 'name=firstName' attribute 'value' contains value 'Paul'.</msg>
<status status="PASS" starttime="20230125 16:20:14.259" endtime="20230125 16:20:14.293"/>
</kw>
<status status="PASS" starttime="20230125 16:19:53.069" endtime="20230125 16:20:14.293"/>
</kw>
<kw name="Close Browser" library="SeleniumLibrary" type="TEARDOWN">
<doc>Closes the current browser.</doc>
<status status="PASS" starttime="20230125 16:20:14.294" endtime="20230125 16:20:16.600"/>
</kw>
<status status="PASS" starttime="20230125 16:19:33.866" endtime="20230125 16:20:16.600"/>
</test>
<doc>The file contains test cases for add valid employee records</doc>
<status status="PASS" starttime="20230125 16:18:51.942" endtime="20230125 16:20:16.600"/>
</suite>
<statistics>
<total>
<stat pass="2" fail="0" skip="0">All Tests</stat>
</total>
<tag>
</tag>
<suite>
<stat pass="2" fail="0" skip="0" id="s1" name="Add Employee Test">Add Employee Test</stat>
</suite>
</statistics>
<errors>
</errors>
</robot>
